Flow report for uniciclo
Sun Feb 05 16:30:10 2017
Quartus II 32-bit Version 13.0.1 Build 232 06/12/2013 Service Pack 1 SJ Web Edition


---------------------
; Table of Contents ;
---------------------
  1. Legal Notice
  2. Flow Summary
  3. Flow Settings
  4. Flow Non-Default Global Settings
  5. Flow Elapsed Time
  6. Flow OS Summary
  7. Flow Log
  8. Flow Messages
  9. Flow Suppressed Messages



----------------
; Legal Notice ;
----------------
Copyright (C) 1991-2013 Altera Corporation
Your use of Altera Corporation's design tools, logic functions 
and other software and tools, and its AMPP partner logic 
functions, and any output files from any of the foregoing 
(including device programming or simulation files), and any 
associated documentation or information are expressly subject 
to the terms and conditions of the Altera Program License 
Subscription Agreement, Altera MegaCore Function License 
Agreement, or other applicable license agreement, including, 
without limitation, that your use is for the sole purpose of 
programming logic devices manufactured by Altera and sold by 
Altera or its authorized distributors.  Please refer to the 
applicable agreement for further details.



+--------------------------------------------------------------------------------------+
; Flow Summary                                                                         ;
+------------------------------------+-------------------------------------------------+
; Flow Status                        ; Successful - Sun Feb 05 16:30:10 2017           ;
; Quartus II 32-bit Version          ; 13.0.1 Build 232 06/12/2013 SP 1 SJ Web Edition ;
; Revision Name                      ; uniciclo                                        ;
; Top-level Entity Name              ; uniciclo                                        ;
; Family                             ; Cyclone II                                      ;
; Device                             ; EP2C70F896C6                                    ;
; Timing Models                      ; Final                                           ;
; Total logic elements               ; 177 / 68,416 ( < 1 % )                          ;
;     Total combinational functions  ; 176 / 68,416 ( < 1 % )                          ;
;     Dedicated logic registers      ; 18 / 68,416 ( < 1 % )                           ;
; Total registers                    ; 18                                              ;
; Total pins                         ; 58 / 622 ( 9 % )                                ;
; Total virtual pins                 ; 0                                               ;
; Total memory bits                  ; 8,192 / 1,152,000 ( < 1 % )                     ;
; Embedded Multiplier 9-bit elements ; 0 / 300 ( 0 % )                                 ;
; Total PLLs                         ; 0 / 4 ( 0 % )                                   ;
+------------------------------------+-------------------------------------------------+


+-----------------------------------------+
; Flow Settings                           ;
+-------------------+---------------------+
; Option            ; Setting             ;
+-------------------+---------------------+
; Start date & time ; 02/05/2017 16:29:32 ;
; Main task         ; Compilation         ;
; Revision Name     ; uniciclo            ;
+-------------------+---------------------+


+--------------------------------------------------------------------------------------------------------------------+
; Flow Non-Default Global Settings                                                                                   ;
+--------------------------------------+------------------------------+---------------+-------------+----------------+
; Assignment Name                      ; Value                        ; Default Value ; Entity Name ; Section Id     ;
+--------------------------------------+------------------------------+---------------+-------------+----------------+
; COMPILER_SIGNATURE_ID                ; 277681058203.148631937205016 ; --            ; --          ; --             ;
; EDA_DESIGN_INSTANCE_NAME             ; i1                           ; --            ; --          ; uniciclo_tb    ;
; EDA_NATIVELINK_SIMULATION_TEST_BENCH ; uniciclo_tb                  ; --            ; --          ; eda_simulation ;
; EDA_OUTPUT_DATA_FORMAT               ; Vhdl                         ; --            ; --          ; eda_simulation ;
; EDA_SIMULATION_TOOL                  ; ModelSim-Altera (VHDL)       ; <None>        ; --          ; --             ;
; EDA_TEST_BENCH_ENABLE_STATUS         ; TEST_BENCH_MODE              ; --            ; --          ; eda_simulation ;
; EDA_TEST_BENCH_FILE                  ; uniciclo_tb.vhd              ; --            ; --          ; uniciclo_tb    ;
; EDA_TEST_BENCH_MODULE_NAME           ; uniciclo_tb                  ; --            ; --          ; uniciclo_tb    ;
; EDA_TEST_BENCH_NAME                  ; uniciclo_tb                  ; --            ; --          ; eda_simulation ;
; EDA_TEST_BENCH_RUN_SIM_FOR           ; 100 ms                       ; --            ; --          ; uniciclo_tb    ;
; IP_TOOL_NAME                         ; ROM: 1-PORT                  ; --            ; --          ; --             ;
; IP_TOOL_NAME                         ; RAM: 1-PORT                  ; --            ; --          ; --             ;
; IP_TOOL_VERSION                      ; 13.0                         ; --            ; --          ; --             ;
; IP_TOOL_VERSION                      ; 13.0                         ; --            ; --          ; --             ;
; MAX_CORE_JUNCTION_TEMP               ; 85                           ; --            ; --          ; --             ;
; MIN_CORE_JUNCTION_TEMP               ; 0                            ; --            ; --          ; --             ;
; MISC_FILE                            ; memory_instruction.cmp       ; --            ; --          ; --             ;
; MISC_FILE                            ; data_memory.cmp              ; --            ; --          ; --             ;
; PARTITION_COLOR                      ; 16764057                     ; --            ; --          ; Top            ;
; PARTITION_FITTER_PRESERVATION_LEVEL  ; PLACEMENT_AND_ROUTING        ; --            ; --          ; Top            ;
; PARTITION_NETLIST_TYPE               ; SOURCE                       ; --            ; --          ; Top            ;
; PROJECT_OUTPUT_DIRECTORY             ; output_files                 ; --            ; --          ; --             ;
+--------------------------------------+------------------------------+---------------+-------------+----------------+


+-------------------------------------------------------------------------------------------------------------------------------+
; Flow Elapsed Time                                                                                                             ;
+---------------------------+--------------+-------------------------+---------------------+------------------------------------+
; Module Name               ; Elapsed Time ; Average Processors Used ; Peak Virtual Memory ; Total CPU Time (on all processors) ;
+---------------------------+--------------+-------------------------+---------------------+------------------------------------+
; Analysis & Synthesis      ; 00:00:04     ; 1.0                     ; 378 MB              ; 00:00:04                           ;
; Fitter                    ; 00:00:19     ; 1.0                     ; 560 MB              ; 00:00:19                           ;
; Assembler                 ; 00:00:05     ; 1.0                     ; 356 MB              ; 00:00:05                           ;
; TimeQuest Timing Analyzer ; 00:00:01     ; 1.0                     ; 303 MB              ; 00:00:02                           ;
; EDA Netlist Writer        ; 00:00:01     ; 1.0                     ; 297 MB              ; 00:00:01                           ;
; Total                     ; 00:00:30     ; --                      ; --                  ; 00:00:31                           ;
+---------------------------+--------------+-------------------------+---------------------+------------------------------------+


+----------------------------------------------------------------------------------------+
; Flow OS Summary                                                                        ;
+---------------------------+------------------+-----------+------------+----------------+
; Module Name               ; Machine Hostname ; OS Name   ; OS Version ; Processor type ;
+---------------------------+------------------+-----------+------------+----------------+
; Analysis & Synthesis      ; W311918          ; Windows 7 ; 6.1        ; i686           ;
; Fitter                    ; W311918          ; Windows 7 ; 6.1        ; i686           ;
; Assembler                 ; W311918          ; Windows 7 ; 6.1        ; i686           ;
; TimeQuest Timing Analyzer ; W311918          ; Windows 7 ; 6.1        ; i686           ;
; EDA Netlist Writer        ; W311918          ; Windows 7 ; 6.1        ; i686           ;
+---------------------------+------------------+-----------+------------+----------------+


------------
; Flow Log ;
------------
quartus_map --read_settings_files=on --write_settings_files=off uniciclo -c uniciclo
quartus_fit --read_settings_files=off --write_settings_files=off uniciclo -c uniciclo
quartus_asm --read_settings_files=off --write_settings_files=off uniciclo -c uniciclo
quartus_sta uniciclo -c uniciclo
quartus_eda --read_settings_files=off --write_settings_files=off uniciclo -c uniciclo



